<?xml version="1.0" encoding="UTF-8"?>
<testng-results skipped="0" failed="0" ignored="0" total="2" passed="2">
  <reporter-output>
  </reporter-output>
  <suite name="Default suite" duration-ms="34244" started-at="2021-05-04T10:07:29 IST" finished-at="2021-05-04T10:08:03 IST">
    <groups>
    </groups>
    <test name="Default test" duration-ms="34244" started-at="2021-05-04T10:07:29 IST" finished-at="2021-05-04T10:08:03 IST">
      <class name="testCases.Day2">
        <test-method status="PASS" signature="startup()[pri:0, instance:testCases.Day2@3891771e]" name="startup" is-config="true" duration-ms="21670" started-at="2021-05-04T10:07:29 IST" finished-at="2021-05-04T10:07:51 IST">
          <reporter-output>
          </reporter-output>
        </test-method> <!-- startup -->
        <test-method status="PASS" signature="test1()[pri:0, instance:testCases.Day2@3891771e]" name="test1" duration-ms="3238" started-at="2021-05-04T10:07:51 IST" finished-at="2021-05-04T10:07:54 IST">
          <reporter-output>
          </reporter-output>
        </test-method> <!-- test1 -->
        <test-method status="PASS" signature="test2()[pri:0, instance:testCases.Day2@3891771e]" name="test2" duration-ms="8905" started-at="2021-05-04T10:07:54 IST" finished-at="2021-05-04T10:08:03 IST">
          <reporter-output>
          </reporter-output>
        </test-method> <!-- test2 -->
        <test-method status="PASS" signature="teardown()[pri:0, instance:testCases.Day2@3891771e]" name="teardown" is-config="true" duration-ms="321" started-at="2021-05-04T10:08:03 IST" finished-at="2021-05-04T10:08:03 IST">
          <reporter-output>
          </reporter-output>
        </test-method> <!-- teardown -->
      </class> <!-- testCases.Day2 -->
    </test> <!-- Default test -->
  </suite> <!-- Default suite -->
</testng-results>
