<?xml version="1.0" encoding="UTF-8"?>
<!-- Generated by org.testng.reporters.JUnitXMLReporter -->
<testsuite hostname="NW-GAGANQA-PC" ignored="0" name="Test_Guru99" tests="7" failures="6" timestamp="2021-05-03T18:34:52 IST" time="119.511" errors="0">
  <testcase name="test1" time="0.155" classname="testCases.Day1">
    <failure type="org.openqa.selenium.WebDriverException" message="org.openqa.selenium.NoSuchSessionException: A session is either terminated or not started
Build info: version: &amp;apos;3.141.59&amp;apos;, revision: &amp;apos;e82be7d358&amp;apos;, time: &amp;apos;2018-11-14T08:17:03&amp;apos;
System info: host: &amp;apos;NW-GAGANQA-PC&amp;apos;, ip: &amp;apos;192.168.8.148&amp;apos;, os.name: &amp;apos;Windows 8.1&amp;apos;, os.arch: &amp;apos;amd64&amp;apos;, os.version: &amp;apos;6.3&amp;apos;, java.version: &amp;apos;1.8.0_05&amp;apos;
Driver info: io.appium.java_client.android.AndroidDriver
Capabilities {app: C:\Users\netzwelt\Downloads..., appPackage: com.vector.guru99, automationName: appium, databaseEnabled: false, desired: {app: C:\Users\netzwelt\Downloads..., automationName: appium, deviceName: 2fe7c0b0, newCommandTimeout: 14, platformName: android}, deviceApiLevel: 28, deviceManufacturer: samsung, deviceModel: SM-T385, deviceName: 2fe7c0b0, deviceScreenDensity: 213, deviceScreenSize: 800x1280, deviceUDID: 2fe7c0b0, javascriptEnabled: true, locationContextEnabled: false, networkConnectionEnabled: true, newCommandTimeout: 14, pixelRatio: 1.3312501, platform: LINUX, platformName: Android, platformVersion: 9, statBarHeight: 32, takesScreenshot: true, viewportRect: {height: 1248, left: 0, top: 32, width: 800}, warnings: {}, webStorageEnabled: false}
Session ID: 22995472-0ba0-4aa0-9a52-0bb994ac48de
*** Element info: {Using=id, value=android:id/action_bar_title}">
      <![CDATA[org.openqa.selenium.WebDriverException: org.openqa.selenium.NoSuchSessionException: A session is either terminated or not started
Build info: version: '3.141.59', revision: 'e82be7d358', time: '2018-11-14T08:17:03'
System info: host: 'NW-GAGANQA-PC', ip: '192.168.8.148', os.name: 'Windows 8.1', os.arch: 'amd64', os.version: '6.3', java.version: '1.8.0_05'
Driver info: io.appium.java_client.android.AndroidDriver
Capabilities {app: C:\Users\netzwelt\Downloads..., appPackage: com.vector.guru99, automationName: appium, databaseEnabled: false, desired: {app: C:\Users\netzwelt\Downloads..., automationName: appium, deviceName: 2fe7c0b0, newCommandTimeout: 14, platformName: android}, deviceApiLevel: 28, deviceManufacturer: samsung, deviceModel: SM-T385, deviceName: 2fe7c0b0, deviceScreenDensity: 213, deviceScreenSize: 800x1280, deviceUDID: 2fe7c0b0, javascriptEnabled: true, locationContextEnabled: false, networkConnectionEnabled: true, newCommandTimeout: 14, pixelRatio: 1.3312501, platform: LINUX, platformName: Android, platformVersion: 9, statBarHeight: 32, takesScreenshot: true, viewportRect: {height: 1248, left: 0, top: 32, width: 800}, warnings: {}, webStorageEnabled: false}
Session ID: 22995472-0ba0-4aa0-9a52-0bb994ac48de
*** Element info: {Using=id, value=android:id/action_bar_title}
at io.appium.java_client.pagefactory.AppiumElementLocator$WaitingFunction.apply(AppiumElementLocator.java:192)
at io.appium.java_client.pagefactory.AppiumElementLocator$WaitingFunction.apply(AppiumElementLocator.java:1)
at org.openqa.selenium.support.ui.FluentWait.until(FluentWait.java:249)
at io.appium.java_client.pagefactory.AppiumElementLocator.waitFor(AppiumElementLocator.java:99)
at io.appium.java_client.pagefactory.AppiumElementLocator.findElement(AppiumElementLocator.java:119)
at io.appium.java_client.pagefactory.interceptors.InterceptorOfASingleElement.intercept(InterceptorOfASingleElement.java:59)
at io.appium.java_client.android.AndroidElement$$EnhancerByCGLIB$$b598166c.getText(<generated>)
at testCases.Day1.test1(Day1.java:35)
at java.util.ArrayList.forEach(Unknown Source)
Caused by: org.openqa.selenium.NoSuchSessionException: A session is either terminated or not started
Build info: version: '3.141.59', revision: 'e82be7d358', time: '2018-11-14T08:17:03'
System info: host: 'NW-GAGANQA-PC', ip: '192.168.8.148', os.name: 'Windows 8.1', os.arch: 'amd64', os.version: '6.3', java.version: '1.8.0_05'
Driver info: io.appium.java_client.android.AndroidDriver
Capabilities {app: C:\Users\netzwelt\Downloads..., appPackage: com.vector.guru99, automationName: appium, databaseEnabled: false, desired: {app: C:\Users\netzwelt\Downloads..., automationName: appium, deviceName: 2fe7c0b0, newCommandTimeout: 14, platformName: android}, deviceApiLevel: 28, deviceManufacturer: samsung, deviceModel: SM-T385, deviceName: 2fe7c0b0, deviceScreenDensity: 213, deviceScreenSize: 800x1280, deviceUDID: 2fe7c0b0, javascriptEnabled: true, locationContextEnabled: false, networkConnectionEnabled: true, newCommandTimeout: 14, pixelRatio: 1.3312501, platform: LINUX, platformName: Android, platformVersion: 9, statBarHeight: 32, takesScreenshot: true, viewportRect: {height: 1248, left: 0, top: 32, width: 800}, warnings: {}, webStorageEnabled: false}
Session ID: 22995472-0ba0-4aa0-9a52-0bb994ac48de
*** Element info: {Using=id, value=android:id/action_bar_title}
at org.openqa.selenium.remote.http.W3CHttpResponseCodec.createException(W3CHttpResponseCodec.java:187)
at org.openqa.selenium.remote.http.W3CHttpResponseCodec.decode(W3CHttpResponseCodec.java:122)
at org.openqa.selenium.remote.http.W3CHttpResponseCodec.decode(W3CHttpResponseCodec.java:49)
at org.openqa.selenium.remote.HttpCommandExecutor.execute(HttpCommandExecutor.java:158)
at io.appium.java_client.remote.AppiumCommandExecutor.execute(AppiumCommandExecutor.java:247)
at org.openqa.selenium.remote.RemoteWebDriver.execute(RemoteWebDriver.java:552)
at io.appium.java_client.DefaultGenericMobileDriver.execute(DefaultGenericMobileDriver.java:41)
at io.appium.java_client.AppiumDriver.execute(AppiumDriver.java:1)
at io.appium.java_client.android.AndroidDriver.execute(AndroidDriver.java:1)
at org.openqa.selenium.remote.RemoteWebDriver.findElement(RemoteWebDriver.java:323)
at io.appium.java_client.DefaultGenericMobileDriver.findElement(DefaultGenericMobileDriver.java:61)
at io.appium.java_client.AppiumDriver.findElement(AppiumDriver.java:1)
at io.appium.java_client.android.AndroidDriver.findElement(AndroidDriver.java:1)
at org.openqa.selenium.remote.RemoteWebDriver.findElementById(RemoteWebDriver.java:372)
at io.appium.java_client.DefaultGenericMobileDriver.findElementById(DefaultGenericMobileDriver.java:69)
at io.appium.java_client.AppiumDriver.findElementById(AppiumDriver.java:1)
at io.appium.java_client.android.AndroidDriver.findElementById(AndroidDriver.java:1)
at org.openqa.selenium.By$ById.findElement(By.java:188)
at org.openqa.selenium.remote.RemoteWebDriver.findElement(RemoteWebDriver.java:315)
at io.appium.java_client.DefaultGenericMobileDriver.findElement(DefaultGenericMobileDriver.java:57)
at io.appium.java_client.AppiumDriver.findElement(AppiumDriver.java:1)
at io.appium.java_client.android.AndroidDriver.findElement(AndroidDriver.java:1)
at io.appium.java_client.pagefactory.bys.builder.ByChained.lambda$0(ByChained.java:38)
at io.appium.java_client.pagefactory.bys.builder.ByChained$$Lambda$318/888611662.apply(Unknown Source)
at org.openqa.selenium.support.ui.FluentWait.until(FluentWait.java:249)
at io.appium.java_client.pagefactory.bys.builder.ByChained.findElement(ByChained.java:72)
at org.openqa.selenium.remote.RemoteWebDriver.findElement(RemoteWebDriver.java:315)
at io.appium.java_client.DefaultGenericMobileDriver.findElement(DefaultGenericMobileDriver.java:57)
at io.appium.java_client.AppiumDriver.findElement(AppiumDriver.java:1)
at io.appium.java_client.android.AndroidDriver.findElement(AndroidDriver.java:1)
at io.appium.java_client.pagefactory.bys.ContentMappedBy.findElement(ContentMappedBy.java:50)
at org.openqa.selenium.remote.RemoteWebDriver.findElement(RemoteWebDriver.java:315)
at io.appium.java_client.DefaultGenericMobileDriver.findElement(DefaultGenericMobileDriver.java:57)
at io.appium.java_client.AppiumDriver.findElement(AppiumDriver.java:1)
at io.appium.java_client.android.AndroidDriver.findElement(AndroidDriver.java:1)
at io.appium.java_client.pagefactory.AppiumElementLocator.lambda$0(AppiumElementLocator.java:120)
at io.appium.java_client.pagefactory.AppiumElementLocator$$Lambda$312/487792155.get(Unknown Source)
at io.appium.java_client.pagefactory.AppiumElementLocator$WaitingFunction.apply(AppiumElementLocator.java:172)
... 36 more
... Removed 32 stack frames]]>
    </failure>
  </testcase> <!-- test1 -->
  <testcase name="test2" time="0.036" classname="testCases.Day1">
    <failure type="org.openqa.selenium.WebDriverException" message="org.openqa.selenium.NoSuchSessionException: A session is either terminated or not started
Build info: version: &amp;apos;3.141.59&amp;apos;, revision: &amp;apos;e82be7d358&amp;apos;, time: &amp;apos;2018-11-14T08:17:03&amp;apos;
System info: host: &amp;apos;NW-GAGANQA-PC&amp;apos;, ip: &amp;apos;192.168.8.148&amp;apos;, os.name: &amp;apos;Windows 8.1&amp;apos;, os.arch: &amp;apos;amd64&amp;apos;, os.version: &amp;apos;6.3&amp;apos;, java.version: &amp;apos;1.8.0_05&amp;apos;
Driver info: io.appium.java_client.android.AndroidDriver
Capabilities {app: C:\Users\netzwelt\Downloads..., appPackage: com.vector.guru99, automationName: appium, databaseEnabled: false, desired: {app: C:\Users\netzwelt\Downloads..., automationName: appium, deviceName: 2fe7c0b0, newCommandTimeout: 14, platformName: android}, deviceApiLevel: 28, deviceManufacturer: samsung, deviceModel: SM-T385, deviceName: 2fe7c0b0, deviceScreenDensity: 213, deviceScreenSize: 800x1280, deviceUDID: 2fe7c0b0, javascriptEnabled: true, locationContextEnabled: false, networkConnectionEnabled: true, newCommandTimeout: 14, pixelRatio: 1.3312501, platform: LINUX, platformName: Android, platformVersion: 9, statBarHeight: 32, takesScreenshot: true, viewportRect: {height: 1248, left: 0, top: 32, width: 800}, warnings: {}, webStorageEnabled: false}
Session ID: 22995472-0ba0-4aa0-9a52-0bb994ac48de
*** Element info: {Using=xpath, value=//android.widget.TextView[@text=&amp;apos;Course Category&amp;apos;]}">
      <![CDATA[org.openqa.selenium.WebDriverException: org.openqa.selenium.NoSuchSessionException: A session is either terminated or not started
Build info: version: '3.141.59', revision: 'e82be7d358', time: '2018-11-14T08:17:03'
System info: host: 'NW-GAGANQA-PC', ip: '192.168.8.148', os.name: 'Windows 8.1', os.arch: 'amd64', os.version: '6.3', java.version: '1.8.0_05'
Driver info: io.appium.java_client.android.AndroidDriver
Capabilities {app: C:\Users\netzwelt\Downloads..., appPackage: com.vector.guru99, automationName: appium, databaseEnabled: false, desired: {app: C:\Users\netzwelt\Downloads..., automationName: appium, deviceName: 2fe7c0b0, newCommandTimeout: 14, platformName: android}, deviceApiLevel: 28, deviceManufacturer: samsung, deviceModel: SM-T385, deviceName: 2fe7c0b0, deviceScreenDensity: 213, deviceScreenSize: 800x1280, deviceUDID: 2fe7c0b0, javascriptEnabled: true, locationContextEnabled: false, networkConnectionEnabled: true, newCommandTimeout: 14, pixelRatio: 1.3312501, platform: LINUX, platformName: Android, platformVersion: 9, statBarHeight: 32, takesScreenshot: true, viewportRect: {height: 1248, left: 0, top: 32, width: 800}, warnings: {}, webStorageEnabled: false}
Session ID: 22995472-0ba0-4aa0-9a52-0bb994ac48de
*** Element info: {Using=xpath, value=//android.widget.TextView[@text='Course Category']}
at io.appium.java_client.pagefactory.AppiumElementLocator$WaitingFunction.apply(AppiumElementLocator.java:192)
at io.appium.java_client.pagefactory.AppiumElementLocator$WaitingFunction.apply(AppiumElementLocator.java:1)
at org.openqa.selenium.support.ui.FluentWait.until(FluentWait.java:249)
at io.appium.java_client.pagefactory.AppiumElementLocator.waitFor(AppiumElementLocator.java:99)
at io.appium.java_client.pagefactory.AppiumElementLocator.findElement(AppiumElementLocator.java:119)
at io.appium.java_client.pagefactory.interceptors.InterceptorOfASingleElement.intercept(InterceptorOfASingleElement.java:59)
at io.appium.java_client.android.AndroidElement$$EnhancerByCGLIB$$b598166c.isDisplayed(<generated>)
at testCases.Day1.test2(Day1.java:42)
at java.util.ArrayList.forEach(Unknown Source)
Caused by: org.openqa.selenium.NoSuchSessionException: A session is either terminated or not started
Build info: version: '3.141.59', revision: 'e82be7d358', time: '2018-11-14T08:17:03'
System info: host: 'NW-GAGANQA-PC', ip: '192.168.8.148', os.name: 'Windows 8.1', os.arch: 'amd64', os.version: '6.3', java.version: '1.8.0_05'
Driver info: io.appium.java_client.android.AndroidDriver
Capabilities {app: C:\Users\netzwelt\Downloads..., appPackage: com.vector.guru99, automationName: appium, databaseEnabled: false, desired: {app: C:\Users\netzwelt\Downloads..., automationName: appium, deviceName: 2fe7c0b0, newCommandTimeout: 14, platformName: android}, deviceApiLevel: 28, deviceManufacturer: samsung, deviceModel: SM-T385, deviceName: 2fe7c0b0, deviceScreenDensity: 213, deviceScreenSize: 800x1280, deviceUDID: 2fe7c0b0, javascriptEnabled: true, locationContextEnabled: false, networkConnectionEnabled: true, newCommandTimeout: 14, pixelRatio: 1.3312501, platform: LINUX, platformName: Android, platformVersion: 9, statBarHeight: 32, takesScreenshot: true, viewportRect: {height: 1248, left: 0, top: 32, width: 800}, warnings: {}, webStorageEnabled: false}
Session ID: 22995472-0ba0-4aa0-9a52-0bb994ac48de
*** Element info: {Using=xpath, value=//android.widget.TextView[@text='Course Category']}
at org.openqa.selenium.remote.http.W3CHttpResponseCodec.createException(W3CHttpResponseCodec.java:187)
at org.openqa.selenium.remote.http.W3CHttpResponseCodec.decode(W3CHttpResponseCodec.java:122)
at org.openqa.selenium.remote.http.W3CHttpResponseCodec.decode(W3CHttpResponseCodec.java:49)
at org.openqa.selenium.remote.HttpCommandExecutor.execute(HttpCommandExecutor.java:158)
at io.appium.java_client.remote.AppiumCommandExecutor.execute(AppiumCommandExecutor.java:247)
at org.openqa.selenium.remote.RemoteWebDriver.execute(RemoteWebDriver.java:552)
at io.appium.java_client.DefaultGenericMobileDriver.execute(DefaultGenericMobileDriver.java:41)
at io.appium.java_client.AppiumDriver.execute(AppiumDriver.java:1)
at io.appium.java_client.android.AndroidDriver.execute(AndroidDriver.java:1)
at org.openqa.selenium.remote.RemoteWebDriver.findElement(RemoteWebDriver.java:323)
at io.appium.java_client.DefaultGenericMobileDriver.findElement(DefaultGenericMobileDriver.java:61)
at io.appium.java_client.AppiumDriver.findElement(AppiumDriver.java:1)
at io.appium.java_client.android.AndroidDriver.findElement(AndroidDriver.java:1)
at org.openqa.selenium.remote.RemoteWebDriver.findElementByXPath(RemoteWebDriver.java:428)
at io.appium.java_client.DefaultGenericMobileDriver.findElementByXPath(DefaultGenericMobileDriver.java:151)
at io.appium.java_client.AppiumDriver.findElementByXPath(AppiumDriver.java:1)
at io.appium.java_client.android.AndroidDriver.findElementByXPath(AndroidDriver.java:1)
at org.openqa.selenium.By$ByXPath.findElement(By.java:353)
at org.openqa.selenium.remote.RemoteWebDriver.findElement(RemoteWebDriver.java:315)
at io.appium.java_client.DefaultGenericMobileDriver.findElement(DefaultGenericMobileDriver.java:57)
at io.appium.java_client.AppiumDriver.findElement(AppiumDriver.java:1)
at io.appium.java_client.android.AndroidDriver.findElement(AndroidDriver.java:1)
at io.appium.java_client.pagefactory.bys.builder.ByChained.lambda$0(ByChained.java:38)
at io.appium.java_client.pagefactory.bys.builder.ByChained$$Lambda$318/888611662.apply(Unknown Source)
at org.openqa.selenium.support.ui.FluentWait.until(FluentWait.java:249)
at io.appium.java_client.pagefactory.bys.builder.ByChained.findElement(ByChained.java:72)
at org.openqa.selenium.remote.RemoteWebDriver.findElement(RemoteWebDriver.java:315)
at io.appium.java_client.DefaultGenericMobileDriver.findElement(DefaultGenericMobileDriver.java:57)
at io.appium.java_client.AppiumDriver.findElement(AppiumDriver.java:1)
at io.appium.java_client.android.AndroidDriver.findElement(AndroidDriver.java:1)
at io.appium.java_client.pagefactory.bys.ContentMappedBy.findElement(ContentMappedBy.java:50)
at org.openqa.selenium.remote.RemoteWebDriver.findElement(RemoteWebDriver.java:315)
at io.appium.java_client.DefaultGenericMobileDriver.findElement(DefaultGenericMobileDriver.java:57)
at io.appium.java_client.AppiumDriver.findElement(AppiumDriver.java:1)
at io.appium.java_client.android.AndroidDriver.findElement(AndroidDriver.java:1)
at io.appium.java_client.pagefactory.AppiumElementLocator.lambda$0(AppiumElementLocator.java:120)
at io.appium.java_client.pagefactory.AppiumElementLocator$$Lambda$312/487792155.get(Unknown Source)
at io.appium.java_client.pagefactory.AppiumElementLocator$WaitingFunction.apply(AppiumElementLocator.java:172)
... 36 more
... Removed 32 stack frames]]>
    </failure>
  </testcase> <!-- test2 -->
  <testcase name="test3" time="0.035" classname="testCases.Day1">
    <failure type="org.openqa.selenium.WebDriverException" message="org.openqa.selenium.NoSuchSessionException: A session is either terminated or not started
Build info: version: &amp;apos;3.141.59&amp;apos;, revision: &amp;apos;e82be7d358&amp;apos;, time: &amp;apos;2018-11-14T08:17:03&amp;apos;
System info: host: &amp;apos;NW-GAGANQA-PC&amp;apos;, ip: &amp;apos;192.168.8.148&amp;apos;, os.name: &amp;apos;Windows 8.1&amp;apos;, os.arch: &amp;apos;amd64&amp;apos;, os.version: &amp;apos;6.3&amp;apos;, java.version: &amp;apos;1.8.0_05&amp;apos;
Driver info: io.appium.java_client.android.AndroidDriver
Capabilities {app: C:\Users\netzwelt\Downloads..., appPackage: com.vector.guru99, automationName: appium, databaseEnabled: false, desired: {app: C:\Users\netzwelt\Downloads..., automationName: appium, deviceName: 2fe7c0b0, newCommandTimeout: 14, platformName: android}, deviceApiLevel: 28, deviceManufacturer: samsung, deviceModel: SM-T385, deviceName: 2fe7c0b0, deviceScreenDensity: 213, deviceScreenSize: 800x1280, deviceUDID: 2fe7c0b0, javascriptEnabled: true, locationContextEnabled: false, networkConnectionEnabled: true, newCommandTimeout: 14, pixelRatio: 1.3312501, platform: LINUX, platformName: Android, platformVersion: 9, statBarHeight: 32, takesScreenshot: true, viewportRect: {height: 1248, left: 0, top: 32, width: 800}, warnings: {}, webStorageEnabled: false}
Session ID: 22995472-0ba0-4aa0-9a52-0bb994ac48de
*** Element info: {Using=id, value=com.vector.guru99:id/lblListHeader}">
      <![CDATA[org.openqa.selenium.WebDriverException: org.openqa.selenium.NoSuchSessionException: A session is either terminated or not started
Build info: version: '3.141.59', revision: 'e82be7d358', time: '2018-11-14T08:17:03'
System info: host: 'NW-GAGANQA-PC', ip: '192.168.8.148', os.name: 'Windows 8.1', os.arch: 'amd64', os.version: '6.3', java.version: '1.8.0_05'
Driver info: io.appium.java_client.android.AndroidDriver
Capabilities {app: C:\Users\netzwelt\Downloads..., appPackage: com.vector.guru99, automationName: appium, databaseEnabled: false, desired: {app: C:\Users\netzwelt\Downloads..., automationName: appium, deviceName: 2fe7c0b0, newCommandTimeout: 14, platformName: android}, deviceApiLevel: 28, deviceManufacturer: samsung, deviceModel: SM-T385, deviceName: 2fe7c0b0, deviceScreenDensity: 213, deviceScreenSize: 800x1280, deviceUDID: 2fe7c0b0, javascriptEnabled: true, locationContextEnabled: false, networkConnectionEnabled: true, newCommandTimeout: 14, pixelRatio: 1.3312501, platform: LINUX, platformName: Android, platformVersion: 9, statBarHeight: 32, takesScreenshot: true, viewportRect: {height: 1248, left: 0, top: 32, width: 800}, warnings: {}, webStorageEnabled: false}
Session ID: 22995472-0ba0-4aa0-9a52-0bb994ac48de
*** Element info: {Using=id, value=com.vector.guru99:id/lblListHeader}
at io.appium.java_client.pagefactory.AppiumElementLocator$WaitingFunction.apply(AppiumElementLocator.java:192)
at io.appium.java_client.pagefactory.AppiumElementLocator$WaitingFunction.apply(AppiumElementLocator.java:1)
at org.openqa.selenium.support.ui.FluentWait.until(FluentWait.java:249)
at io.appium.java_client.pagefactory.AppiumElementLocator.waitFor(AppiumElementLocator.java:99)
at io.appium.java_client.pagefactory.AppiumElementLocator.findElements(AppiumElementLocator.java:140)
at io.appium.java_client.pagefactory.interceptors.InterceptorOfAListOfElements.intercept(InterceptorOfAListOfElements.java:48)
at $java.util.ArrayList$$EnhancerByCGLIB$$b5855c01.size(<generated>)
at testCases.Day1.test3(Day1.java:50)
at java.util.ArrayList.forEach(Unknown Source)
Caused by: org.openqa.selenium.NoSuchSessionException: A session is either terminated or not started
Build info: version: '3.141.59', revision: 'e82be7d358', time: '2018-11-14T08:17:03'
System info: host: 'NW-GAGANQA-PC', ip: '192.168.8.148', os.name: 'Windows 8.1', os.arch: 'amd64', os.version: '6.3', java.version: '1.8.0_05'
Driver info: io.appium.java_client.android.AndroidDriver
Capabilities {app: C:\Users\netzwelt\Downloads..., appPackage: com.vector.guru99, automationName: appium, databaseEnabled: false, desired: {app: C:\Users\netzwelt\Downloads..., automationName: appium, deviceName: 2fe7c0b0, newCommandTimeout: 14, platformName: android}, deviceApiLevel: 28, deviceManufacturer: samsung, deviceModel: SM-T385, deviceName: 2fe7c0b0, deviceScreenDensity: 213, deviceScreenSize: 800x1280, deviceUDID: 2fe7c0b0, javascriptEnabled: true, locationContextEnabled: false, networkConnectionEnabled: true, newCommandTimeout: 14, pixelRatio: 1.3312501, platform: LINUX, platformName: Android, platformVersion: 9, statBarHeight: 32, takesScreenshot: true, viewportRect: {height: 1248, left: 0, top: 32, width: 800}, warnings: {}, webStorageEnabled: false}
Session ID: 22995472-0ba0-4aa0-9a52-0bb994ac48de
*** Element info: {Using=id, value=com.vector.guru99:id/lblListHeader}
at org.openqa.selenium.remote.http.W3CHttpResponseCodec.createException(W3CHttpResponseCodec.java:187)
at org.openqa.selenium.remote.http.W3CHttpResponseCodec.decode(W3CHttpResponseCodec.java:122)
at org.openqa.selenium.remote.http.W3CHttpResponseCodec.decode(W3CHttpResponseCodec.java:49)
at org.openqa.selenium.remote.HttpCommandExecutor.execute(HttpCommandExecutor.java:158)
at io.appium.java_client.remote.AppiumCommandExecutor.execute(AppiumCommandExecutor.java:247)
at org.openqa.selenium.remote.RemoteWebDriver.execute(RemoteWebDriver.java:552)
at io.appium.java_client.DefaultGenericMobileDriver.execute(DefaultGenericMobileDriver.java:41)
at io.appium.java_client.AppiumDriver.execute(AppiumDriver.java:1)
at io.appium.java_client.android.AndroidDriver.execute(AndroidDriver.java:1)
at org.openqa.selenium.remote.RemoteWebDriver.findElements(RemoteWebDriver.java:353)
at io.appium.java_client.DefaultGenericMobileDriver.findElements(DefaultGenericMobileDriver.java:53)
at io.appium.java_client.AppiumDriver.findElements(AppiumDriver.java:179)
at org.openqa.selenium.remote.RemoteWebDriver.findElementsById(RemoteWebDriver.java:376)
at io.appium.java_client.DefaultGenericMobileDriver.findElementsById(DefaultGenericMobileDriver.java:65)
at io.appium.java_client.AppiumDriver.findElementsById(AppiumDriver.java:184)
at org.openqa.selenium.By$ById.findElements(By.java:180)
at org.openqa.selenium.support.pagefactory.ByChained.findElements(ByChained.java:69)
at org.openqa.selenium.remote.RemoteWebDriver.findElements(RemoteWebDriver.java:311)
at io.appium.java_client.DefaultGenericMobileDriver.findElements(DefaultGenericMobileDriver.java:49)
at io.appium.java_client.AppiumDriver.findElements(AppiumDriver.java:174)
at io.appium.java_client.pagefactory.bys.ContentMappedBy.findElements(ContentMappedBy.java:54)
at org.openqa.selenium.remote.RemoteWebDriver.findElements(RemoteWebDriver.java:311)
at io.appium.java_client.DefaultGenericMobileDriver.findElements(DefaultGenericMobileDriver.java:49)
at io.appium.java_client.AppiumDriver.findElements(AppiumDriver.java:174)
at io.appium.java_client.pagefactory.AppiumElementLocator.lambda$1(AppiumElementLocator.java:142)
at io.appium.java_client.pagefactory.AppiumElementLocator$$Lambda$319/1555990397.get(Unknown Source)
at io.appium.java_client.pagefactory.AppiumElementLocator$WaitingFunction.apply(AppiumElementLocator.java:172)
... 36 more
... Removed 32 stack frames]]>
    </failure>
  </testcase> <!-- test3 -->
  <testcase name="test1" time="2.312" classname="testCases.Day2">
    <failure type="org.openqa.selenium.WebDriverException" message="org.openqa.selenium.NoSuchSessionException: A session is either terminated or not started
Build info: version: &amp;apos;3.141.59&amp;apos;, revision: &amp;apos;e82be7d358&amp;apos;, time: &amp;apos;2018-11-14T08:17:03&amp;apos;
System info: host: &amp;apos;NW-GAGANQA-PC&amp;apos;, ip: &amp;apos;192.168.8.148&amp;apos;, os.name: &amp;apos;Windows 8.1&amp;apos;, os.arch: &amp;apos;amd64&amp;apos;, os.version: &amp;apos;6.3&amp;apos;, java.version: &amp;apos;1.8.0_05&amp;apos;
Driver info: io.appium.java_client.android.AndroidDriver
Capabilities {app: C:\Users\netzwelt\Downloads..., appPackage: com.vector.guru99, automationName: appium, databaseEnabled: false, desired: {app: C:\Users\netzwelt\Downloads..., automationName: appium, deviceName: 2fe7c0b0, newCommandTimeout: 14, platformName: android}, deviceApiLevel: 28, deviceManufacturer: samsung, deviceModel: SM-T385, deviceName: 2fe7c0b0, deviceScreenDensity: 213, deviceScreenSize: 800x1280, deviceUDID: 2fe7c0b0, javascriptEnabled: true, locationContextEnabled: false, networkConnectionEnabled: true, newCommandTimeout: 14, pixelRatio: 1.3312501, platform: LINUX, platformName: Android, platformVersion: 9, statBarHeight: 32, takesScreenshot: true, viewportRect: {height: 1248, left: 0, top: 32, width: 800}, warnings: {}, webStorageEnabled: false}
Session ID: 73e2e44b-7f71-4cc1-9286-c1be2600a5e2
*** Element info: {Using=xpath, value=//android.widget.TextView[@text=&amp;apos;Course Category&amp;apos;]}">
      <![CDATA[org.openqa.selenium.WebDriverException: org.openqa.selenium.NoSuchSessionException: A session is either terminated or not started
Build info: version: '3.141.59', revision: 'e82be7d358', time: '2018-11-14T08:17:03'
System info: host: 'NW-GAGANQA-PC', ip: '192.168.8.148', os.name: 'Windows 8.1', os.arch: 'amd64', os.version: '6.3', java.version: '1.8.0_05'
Driver info: io.appium.java_client.android.AndroidDriver
Capabilities {app: C:\Users\netzwelt\Downloads..., appPackage: com.vector.guru99, automationName: appium, databaseEnabled: false, desired: {app: C:\Users\netzwelt\Downloads..., automationName: appium, deviceName: 2fe7c0b0, newCommandTimeout: 14, platformName: android}, deviceApiLevel: 28, deviceManufacturer: samsung, deviceModel: SM-T385, deviceName: 2fe7c0b0, deviceScreenDensity: 213, deviceScreenSize: 800x1280, deviceUDID: 2fe7c0b0, javascriptEnabled: true, locationContextEnabled: false, networkConnectionEnabled: true, newCommandTimeout: 14, pixelRatio: 1.3312501, platform: LINUX, platformName: Android, platformVersion: 9, statBarHeight: 32, takesScreenshot: true, viewportRect: {height: 1248, left: 0, top: 32, width: 800}, warnings: {}, webStorageEnabled: false}
Session ID: 73e2e44b-7f71-4cc1-9286-c1be2600a5e2
*** Element info: {Using=xpath, value=//android.widget.TextView[@text='Course Category']}
at io.appium.java_client.pagefactory.AppiumElementLocator$WaitingFunction.apply(AppiumElementLocator.java:192)
at io.appium.java_client.pagefactory.AppiumElementLocator$WaitingFunction.apply(AppiumElementLocator.java:1)
at org.openqa.selenium.support.ui.FluentWait.until(FluentWait.java:249)
at io.appium.java_client.pagefactory.AppiumElementLocator.waitFor(AppiumElementLocator.java:99)
at io.appium.java_client.pagefactory.AppiumElementLocator.findElement(AppiumElementLocator.java:119)
at io.appium.java_client.pagefactory.interceptors.InterceptorOfASingleElement.intercept(InterceptorOfASingleElement.java:59)
at io.appium.java_client.android.AndroidElement$$EnhancerByCGLIB$$b598166c.isSelected(<generated>)
at testCases.Day2.test1(Day2.java:39)
at java.util.ArrayList.forEach(Unknown Source)
Caused by: org.openqa.selenium.NoSuchSessionException: A session is either terminated or not started
Build info: version: '3.141.59', revision: 'e82be7d358', time: '2018-11-14T08:17:03'
System info: host: 'NW-GAGANQA-PC', ip: '192.168.8.148', os.name: 'Windows 8.1', os.arch: 'amd64', os.version: '6.3', java.version: '1.8.0_05'
Driver info: io.appium.java_client.android.AndroidDriver
Capabilities {app: C:\Users\netzwelt\Downloads..., appPackage: com.vector.guru99, automationName: appium, databaseEnabled: false, desired: {app: C:\Users\netzwelt\Downloads..., automationName: appium, deviceName: 2fe7c0b0, newCommandTimeout: 14, platformName: android}, deviceApiLevel: 28, deviceManufacturer: samsung, deviceModel: SM-T385, deviceName: 2fe7c0b0, deviceScreenDensity: 213, deviceScreenSize: 800x1280, deviceUDID: 2fe7c0b0, javascriptEnabled: true, locationContextEnabled: false, networkConnectionEnabled: true, newCommandTimeout: 14, pixelRatio: 1.3312501, platform: LINUX, platformName: Android, platformVersion: 9, statBarHeight: 32, takesScreenshot: true, viewportRect: {height: 1248, left: 0, top: 32, width: 800}, warnings: {}, webStorageEnabled: false}
Session ID: 73e2e44b-7f71-4cc1-9286-c1be2600a5e2
*** Element info: {Using=xpath, value=//android.widget.TextView[@text='Course Category']}
at org.openqa.selenium.remote.http.W3CHttpResponseCodec.createException(W3CHttpResponseCodec.java:187)
at org.openqa.selenium.remote.http.W3CHttpResponseCodec.decode(W3CHttpResponseCodec.java:122)
at org.openqa.selenium.remote.http.W3CHttpResponseCodec.decode(W3CHttpResponseCodec.java:49)
at org.openqa.selenium.remote.HttpCommandExecutor.execute(HttpCommandExecutor.java:158)
at io.appium.java_client.remote.AppiumCommandExecutor.execute(AppiumCommandExecutor.java:247)
at org.openqa.selenium.remote.RemoteWebDriver.execute(RemoteWebDriver.java:552)
at io.appium.java_client.DefaultGenericMobileDriver.execute(DefaultGenericMobileDriver.java:41)
at io.appium.java_client.AppiumDriver.execute(AppiumDriver.java:1)
at io.appium.java_client.android.AndroidDriver.execute(AndroidDriver.java:1)
at org.openqa.selenium.remote.RemoteWebDriver.findElement(RemoteWebDriver.java:323)
at io.appium.java_client.DefaultGenericMobileDriver.findElement(DefaultGenericMobileDriver.java:61)
at io.appium.java_client.AppiumDriver.findElement(AppiumDriver.java:1)
at io.appium.java_client.android.AndroidDriver.findElement(AndroidDriver.java:1)
at org.openqa.selenium.remote.RemoteWebDriver.findElementByXPath(RemoteWebDriver.java:428)
at io.appium.java_client.DefaultGenericMobileDriver.findElementByXPath(DefaultGenericMobileDriver.java:151)
at io.appium.java_client.AppiumDriver.findElementByXPath(AppiumDriver.java:1)
at io.appium.java_client.android.AndroidDriver.findElementByXPath(AndroidDriver.java:1)
at org.openqa.selenium.By$ByXPath.findElement(By.java:353)
at org.openqa.selenium.remote.RemoteWebDriver.findElement(RemoteWebDriver.java:315)
at io.appium.java_client.DefaultGenericMobileDriver.findElement(DefaultGenericMobileDriver.java:57)
at io.appium.java_client.AppiumDriver.findElement(AppiumDriver.java:1)
at io.appium.java_client.android.AndroidDriver.findElement(AndroidDriver.java:1)
at io.appium.java_client.pagefactory.bys.builder.ByChained.lambda$0(ByChained.java:38)
at io.appium.java_client.pagefactory.bys.builder.ByChained$$Lambda$318/888611662.apply(Unknown Source)
at org.openqa.selenium.support.ui.FluentWait.until(FluentWait.java:249)
at io.appium.java_client.pagefactory.bys.builder.ByChained.findElement(ByChained.java:72)
at org.openqa.selenium.remote.RemoteWebDriver.findElement(RemoteWebDriver.java:315)
at io.appium.java_client.DefaultGenericMobileDriver.findElement(DefaultGenericMobileDriver.java:57)
at io.appium.java_client.AppiumDriver.findElement(AppiumDriver.java:1)
at io.appium.java_client.android.AndroidDriver.findElement(AndroidDriver.java:1)
at io.appium.java_client.pagefactory.bys.ContentMappedBy.findElement(ContentMappedBy.java:50)
at org.openqa.selenium.remote.RemoteWebDriver.findElement(RemoteWebDriver.java:315)
at io.appium.java_client.DefaultGenericMobileDriver.findElement(DefaultGenericMobileDriver.java:57)
at io.appium.java_client.AppiumDriver.findElement(AppiumDriver.java:1)
at io.appium.java_client.android.AndroidDriver.findElement(AndroidDriver.java:1)
at io.appium.java_client.pagefactory.AppiumElementLocator.lambda$0(AppiumElementLocator.java:120)
at io.appium.java_client.pagefactory.AppiumElementLocator$$Lambda$312/487792155.get(Unknown Source)
at io.appium.java_client.pagefactory.AppiumElementLocator$WaitingFunction.apply(AppiumElementLocator.java:172)
... 36 more
... Removed 32 stack frames]]>
    </failure>
  </testcase> <!-- test1 -->
  <testcase name="test2" time="0.031" classname="testCases.Day2">
    <failure type="org.openqa.selenium.WebDriverException" message="org.openqa.selenium.NoSuchSessionException: A session is either terminated or not started
Build info: version: &amp;apos;3.141.59&amp;apos;, revision: &amp;apos;e82be7d358&amp;apos;, time: &amp;apos;2018-11-14T08:17:03&amp;apos;
System info: host: &amp;apos;NW-GAGANQA-PC&amp;apos;, ip: &amp;apos;192.168.8.148&amp;apos;, os.name: &amp;apos;Windows 8.1&amp;apos;, os.arch: &amp;apos;amd64&amp;apos;, os.version: &amp;apos;6.3&amp;apos;, java.version: &amp;apos;1.8.0_05&amp;apos;
Driver info: io.appium.java_client.android.AndroidDriver
Capabilities {app: C:\Users\netzwelt\Downloads..., appPackage: com.vector.guru99, automationName: appium, databaseEnabled: false, desired: {app: C:\Users\netzwelt\Downloads..., automationName: appium, deviceName: 2fe7c0b0, newCommandTimeout: 14, platformName: android}, deviceApiLevel: 28, deviceManufacturer: samsung, deviceModel: SM-T385, deviceName: 2fe7c0b0, deviceScreenDensity: 213, deviceScreenSize: 800x1280, deviceUDID: 2fe7c0b0, javascriptEnabled: true, locationContextEnabled: false, networkConnectionEnabled: true, newCommandTimeout: 14, pixelRatio: 1.3312501, platform: LINUX, platformName: Android, platformVersion: 9, statBarHeight: 32, takesScreenshot: true, viewportRect: {height: 1248, left: 0, top: 32, width: 800}, warnings: {}, webStorageEnabled: false}
Session ID: 73e2e44b-7f71-4cc1-9286-c1be2600a5e2
*** Element info: {Using=id, value=com.vector.guru99:id/lblListItem}">
      <![CDATA[org.openqa.selenium.WebDriverException: org.openqa.selenium.NoSuchSessionException: A session is either terminated or not started
Build info: version: '3.141.59', revision: 'e82be7d358', time: '2018-11-14T08:17:03'
System info: host: 'NW-GAGANQA-PC', ip: '192.168.8.148', os.name: 'Windows 8.1', os.arch: 'amd64', os.version: '6.3', java.version: '1.8.0_05'
Driver info: io.appium.java_client.android.AndroidDriver
Capabilities {app: C:\Users\netzwelt\Downloads..., appPackage: com.vector.guru99, automationName: appium, databaseEnabled: false, desired: {app: C:\Users\netzwelt\Downloads..., automationName: appium, deviceName: 2fe7c0b0, newCommandTimeout: 14, platformName: android}, deviceApiLevel: 28, deviceManufacturer: samsung, deviceModel: SM-T385, deviceName: 2fe7c0b0, deviceScreenDensity: 213, deviceScreenSize: 800x1280, deviceUDID: 2fe7c0b0, javascriptEnabled: true, locationContextEnabled: false, networkConnectionEnabled: true, newCommandTimeout: 14, pixelRatio: 1.3312501, platform: LINUX, platformName: Android, platformVersion: 9, statBarHeight: 32, takesScreenshot: true, viewportRect: {height: 1248, left: 0, top: 32, width: 800}, warnings: {}, webStorageEnabled: false}
Session ID: 73e2e44b-7f71-4cc1-9286-c1be2600a5e2
*** Element info: {Using=id, value=com.vector.guru99:id/lblListItem}
at io.appium.java_client.pagefactory.AppiumElementLocator$WaitingFunction.apply(AppiumElementLocator.java:192)
at io.appium.java_client.pagefactory.AppiumElementLocator$WaitingFunction.apply(AppiumElementLocator.java:1)
at org.openqa.selenium.support.ui.FluentWait.until(FluentWait.java:249)
at io.appium.java_client.pagefactory.AppiumElementLocator.waitFor(AppiumElementLocator.java:99)
at io.appium.java_client.pagefactory.AppiumElementLocator.findElements(AppiumElementLocator.java:140)
at io.appium.java_client.pagefactory.interceptors.InterceptorOfAListOfElements.intercept(InterceptorOfAListOfElements.java:48)
at $java.util.ArrayList$$EnhancerByCGLIB$$b5855c01.size(<generated>)
at testCases.Day2.test2(Day2.java:51)
at java.util.ArrayList.forEach(Unknown Source)
Caused by: org.openqa.selenium.NoSuchSessionException: A session is either terminated or not started
Build info: version: '3.141.59', revision: 'e82be7d358', time: '2018-11-14T08:17:03'
System info: host: 'NW-GAGANQA-PC', ip: '192.168.8.148', os.name: 'Windows 8.1', os.arch: 'amd64', os.version: '6.3', java.version: '1.8.0_05'
Driver info: io.appium.java_client.android.AndroidDriver
Capabilities {app: C:\Users\netzwelt\Downloads..., appPackage: com.vector.guru99, automationName: appium, databaseEnabled: false, desired: {app: C:\Users\netzwelt\Downloads..., automationName: appium, deviceName: 2fe7c0b0, newCommandTimeout: 14, platformName: android}, deviceApiLevel: 28, deviceManufacturer: samsung, deviceModel: SM-T385, deviceName: 2fe7c0b0, deviceScreenDensity: 213, deviceScreenSize: 800x1280, deviceUDID: 2fe7c0b0, javascriptEnabled: true, locationContextEnabled: false, networkConnectionEnabled: true, newCommandTimeout: 14, pixelRatio: 1.3312501, platform: LINUX, platformName: Android, platformVersion: 9, statBarHeight: 32, takesScreenshot: true, viewportRect: {height: 1248, left: 0, top: 32, width: 800}, warnings: {}, webStorageEnabled: false}
Session ID: 73e2e44b-7f71-4cc1-9286-c1be2600a5e2
*** Element info: {Using=id, value=com.vector.guru99:id/lblListItem}
at org.openqa.selenium.remote.http.W3CHttpResponseCodec.createException(W3CHttpResponseCodec.java:187)
at org.openqa.selenium.remote.http.W3CHttpResponseCodec.decode(W3CHttpResponseCodec.java:122)
at org.openqa.selenium.remote.http.W3CHttpResponseCodec.decode(W3CHttpResponseCodec.java:49)
at org.openqa.selenium.remote.HttpCommandExecutor.execute(HttpCommandExecutor.java:158)
at io.appium.java_client.remote.AppiumCommandExecutor.execute(AppiumCommandExecutor.java:247)
at org.openqa.selenium.remote.RemoteWebDriver.execute(RemoteWebDriver.java:552)
at io.appium.java_client.DefaultGenericMobileDriver.execute(DefaultGenericMobileDriver.java:41)
at io.appium.java_client.AppiumDriver.execute(AppiumDriver.java:1)
at io.appium.java_client.android.AndroidDriver.execute(AndroidDriver.java:1)
at org.openqa.selenium.remote.RemoteWebDriver.findElements(RemoteWebDriver.java:353)
at io.appium.java_client.DefaultGenericMobileDriver.findElements(DefaultGenericMobileDriver.java:53)
at io.appium.java_client.AppiumDriver.findElements(AppiumDriver.java:179)
at org.openqa.selenium.remote.RemoteWebDriver.findElementsById(RemoteWebDriver.java:376)
at io.appium.java_client.DefaultGenericMobileDriver.findElementsById(DefaultGenericMobileDriver.java:65)
at io.appium.java_client.AppiumDriver.findElementsById(AppiumDriver.java:184)
at org.openqa.selenium.By$ById.findElements(By.java:180)
at org.openqa.selenium.support.pagefactory.ByChained.findElements(ByChained.java:69)
at org.openqa.selenium.remote.RemoteWebDriver.findElements(RemoteWebDriver.java:311)
at io.appium.java_client.DefaultGenericMobileDriver.findElements(DefaultGenericMobileDriver.java:49)
at io.appium.java_client.AppiumDriver.findElements(AppiumDriver.java:174)
at io.appium.java_client.pagefactory.bys.ContentMappedBy.findElements(ContentMappedBy.java:54)
at org.openqa.selenium.remote.RemoteWebDriver.findElements(RemoteWebDriver.java:311)
at io.appium.java_client.DefaultGenericMobileDriver.findElements(DefaultGenericMobileDriver.java:49)
at io.appium.java_client.AppiumDriver.findElements(AppiumDriver.java:174)
at io.appium.java_client.pagefactory.AppiumElementLocator.lambda$1(AppiumElementLocator.java:142)
at io.appium.java_client.pagefactory.AppiumElementLocator$$Lambda$319/1555990397.get(Unknown Source)
at io.appium.java_client.pagefactory.AppiumElementLocator$WaitingFunction.apply(AppiumElementLocator.java:172)
... 36 more
... Removed 32 stack frames]]>
    </failure>
  </testcase> <!-- test2 -->
  <testcase name="test1" time="2.297" classname="testCases.Day3">
    <failure type="org.openqa.selenium.WebDriverException" message="org.openqa.selenium.NoSuchSessionException: A session is either terminated or not started
Build info: version: &amp;apos;3.141.59&amp;apos;, revision: &amp;apos;e82be7d358&amp;apos;, time: &amp;apos;2018-11-14T08:17:03&amp;apos;
System info: host: &amp;apos;NW-GAGANQA-PC&amp;apos;, ip: &amp;apos;192.168.8.148&amp;apos;, os.name: &amp;apos;Windows 8.1&amp;apos;, os.arch: &amp;apos;amd64&amp;apos;, os.version: &amp;apos;6.3&amp;apos;, java.version: &amp;apos;1.8.0_05&amp;apos;
Driver info: io.appium.java_client.android.AndroidDriver
Capabilities {app: C:\Users\netzwelt\Downloads..., appPackage: com.vector.guru99, automationName: appium, databaseEnabled: false, desired: {app: C:\Users\netzwelt\Downloads..., automationName: appium, deviceName: 2fe7c0b0, newCommandTimeout: 14, platformName: android}, deviceApiLevel: 28, deviceManufacturer: samsung, deviceModel: SM-T385, deviceName: 2fe7c0b0, deviceScreenDensity: 213, deviceScreenSize: 800x1280, deviceUDID: 2fe7c0b0, javascriptEnabled: true, locationContextEnabled: false, networkConnectionEnabled: true, newCommandTimeout: 14, pixelRatio: 1.3312501, platform: LINUX, platformName: Android, platformVersion: 9, statBarHeight: 32, takesScreenshot: true, viewportRect: {height: 1248, left: 0, top: 32, width: 800}, warnings: {}, webStorageEnabled: false}
Session ID: c418bd24-8362-466f-a83b-746ad769331a
*** Element info: {Using=id, value=com.vector.guru99:id/action_interview}">
      <![CDATA[org.openqa.selenium.WebDriverException: org.openqa.selenium.NoSuchSessionException: A session is either terminated or not started
Build info: version: '3.141.59', revision: 'e82be7d358', time: '2018-11-14T08:17:03'
System info: host: 'NW-GAGANQA-PC', ip: '192.168.8.148', os.name: 'Windows 8.1', os.arch: 'amd64', os.version: '6.3', java.version: '1.8.0_05'
Driver info: io.appium.java_client.android.AndroidDriver
Capabilities {app: C:\Users\netzwelt\Downloads..., appPackage: com.vector.guru99, automationName: appium, databaseEnabled: false, desired: {app: C:\Users\netzwelt\Downloads..., automationName: appium, deviceName: 2fe7c0b0, newCommandTimeout: 14, platformName: android}, deviceApiLevel: 28, deviceManufacturer: samsung, deviceModel: SM-T385, deviceName: 2fe7c0b0, deviceScreenDensity: 213, deviceScreenSize: 800x1280, deviceUDID: 2fe7c0b0, javascriptEnabled: true, locationContextEnabled: false, networkConnectionEnabled: true, newCommandTimeout: 14, pixelRatio: 1.3312501, platform: LINUX, platformName: Android, platformVersion: 9, statBarHeight: 32, takesScreenshot: true, viewportRect: {height: 1248, left: 0, top: 32, width: 800}, warnings: {}, webStorageEnabled: false}
Session ID: c418bd24-8362-466f-a83b-746ad769331a
*** Element info: {Using=id, value=com.vector.guru99:id/action_interview}
at io.appium.java_client.pagefactory.AppiumElementLocator$WaitingFunction.apply(AppiumElementLocator.java:192)
at io.appium.java_client.pagefactory.AppiumElementLocator$WaitingFunction.apply(AppiumElementLocator.java:1)
at org.openqa.selenium.support.ui.FluentWait.until(FluentWait.java:249)
at io.appium.java_client.pagefactory.AppiumElementLocator.waitFor(AppiumElementLocator.java:99)
at io.appium.java_client.pagefactory.AppiumElementLocator.findElement(AppiumElementLocator.java:119)
at io.appium.java_client.pagefactory.interceptors.InterceptorOfASingleElement.intercept(InterceptorOfASingleElement.java:59)
at io.appium.java_client.android.AndroidElement$$EnhancerByCGLIB$$b598166c.isDisplayed(<generated>)
at testCases.Day3.test1(Day3.java:43)
at java.util.ArrayList.forEach(Unknown Source)
Caused by: org.openqa.selenium.NoSuchSessionException: A session is either terminated or not started
Build info: version: '3.141.59', revision: 'e82be7d358', time: '2018-11-14T08:17:03'
System info: host: 'NW-GAGANQA-PC', ip: '192.168.8.148', os.name: 'Windows 8.1', os.arch: 'amd64', os.version: '6.3', java.version: '1.8.0_05'
Driver info: io.appium.java_client.android.AndroidDriver
Capabilities {app: C:\Users\netzwelt\Downloads..., appPackage: com.vector.guru99, automationName: appium, databaseEnabled: false, desired: {app: C:\Users\netzwelt\Downloads..., automationName: appium, deviceName: 2fe7c0b0, newCommandTimeout: 14, platformName: android}, deviceApiLevel: 28, deviceManufacturer: samsung, deviceModel: SM-T385, deviceName: 2fe7c0b0, deviceScreenDensity: 213, deviceScreenSize: 800x1280, deviceUDID: 2fe7c0b0, javascriptEnabled: true, locationContextEnabled: false, networkConnectionEnabled: true, newCommandTimeout: 14, pixelRatio: 1.3312501, platform: LINUX, platformName: Android, platformVersion: 9, statBarHeight: 32, takesScreenshot: true, viewportRect: {height: 1248, left: 0, top: 32, width: 800}, warnings: {}, webStorageEnabled: false}
Session ID: c418bd24-8362-466f-a83b-746ad769331a
*** Element info: {Using=id, value=com.vector.guru99:id/action_interview}
at org.openqa.selenium.remote.http.W3CHttpResponseCodec.createException(W3CHttpResponseCodec.java:187)
at org.openqa.selenium.remote.http.W3CHttpResponseCodec.decode(W3CHttpResponseCodec.java:122)
at org.openqa.selenium.remote.http.W3CHttpResponseCodec.decode(W3CHttpResponseCodec.java:49)
at org.openqa.selenium.remote.HttpCommandExecutor.execute(HttpCommandExecutor.java:158)
at io.appium.java_client.remote.AppiumCommandExecutor.execute(AppiumCommandExecutor.java:247)
at org.openqa.selenium.remote.RemoteWebDriver.execute(RemoteWebDriver.java:552)
at io.appium.java_client.DefaultGenericMobileDriver.execute(DefaultGenericMobileDriver.java:41)
at io.appium.java_client.AppiumDriver.execute(AppiumDriver.java:1)
at io.appium.java_client.android.AndroidDriver.execute(AndroidDriver.java:1)
at org.openqa.selenium.remote.RemoteWebDriver.findElement(RemoteWebDriver.java:323)
at io.appium.java_client.DefaultGenericMobileDriver.findElement(DefaultGenericMobileDriver.java:61)
at io.appium.java_client.AppiumDriver.findElement(AppiumDriver.java:1)
at io.appium.java_client.android.AndroidDriver.findElement(AndroidDriver.java:1)
at org.openqa.selenium.remote.RemoteWebDriver.findElementById(RemoteWebDriver.java:372)
at io.appium.java_client.DefaultGenericMobileDriver.findElementById(DefaultGenericMobileDriver.java:69)
at io.appium.java_client.AppiumDriver.findElementById(AppiumDriver.java:1)
at io.appium.java_client.android.AndroidDriver.findElementById(AndroidDriver.java:1)
at org.openqa.selenium.By$ById.findElement(By.java:188)
at org.openqa.selenium.remote.RemoteWebDriver.findElement(RemoteWebDriver.java:315)
at io.appium.java_client.DefaultGenericMobileDriver.findElement(DefaultGenericMobileDriver.java:57)
at io.appium.java_client.AppiumDriver.findElement(AppiumDriver.java:1)
at io.appium.java_client.android.AndroidDriver.findElement(AndroidDriver.java:1)
at io.appium.java_client.pagefactory.bys.builder.ByChained.lambda$0(ByChained.java:38)
at io.appium.java_client.pagefactory.bys.builder.ByChained$$Lambda$318/888611662.apply(Unknown Source)
at org.openqa.selenium.support.ui.FluentWait.until(FluentWait.java:249)
at io.appium.java_client.pagefactory.bys.builder.ByChained.findElement(ByChained.java:72)
at org.openqa.selenium.remote.RemoteWebDriver.findElement(RemoteWebDriver.java:315)
at io.appium.java_client.DefaultGenericMobileDriver.findElement(DefaultGenericMobileDriver.java:57)
at io.appium.java_client.AppiumDriver.findElement(AppiumDriver.java:1)
at io.appium.java_client.android.AndroidDriver.findElement(AndroidDriver.java:1)
at io.appium.java_client.pagefactory.bys.ContentMappedBy.findElement(ContentMappedBy.java:50)
at org.openqa.selenium.remote.RemoteWebDriver.findElement(RemoteWebDriver.java:315)
at io.appium.java_client.DefaultGenericMobileDriver.findElement(DefaultGenericMobileDriver.java:57)
at io.appium.java_client.AppiumDriver.findElement(AppiumDriver.java:1)
at io.appium.java_client.android.AndroidDriver.findElement(AndroidDriver.java:1)
at io.appium.java_client.pagefactory.AppiumElementLocator.lambda$0(AppiumElementLocator.java:120)
at io.appium.java_client.pagefactory.AppiumElementLocator$$Lambda$312/487792155.get(Unknown Source)
at io.appium.java_client.pagefactory.AppiumElementLocator$WaitingFunction.apply(AppiumElementLocator.java:172)
... 36 more
... Removed 32 stack frames]]>
    </failure>
  </testcase> <!-- test1 -->
  <testcase name="test1" time="15.384" classname="testCases.Day4"/>
</testsuite> <!-- Test_Guru99 -->
